[06:44:45] [ServerMain/INFO]: Environment: authHost='https://authserver.mojang.com', accountsHost='https://api.mojang.com', sessionHost='https://sessionserver.mojang.com', servicesHost='https://api.minecraftservices.com', name='PROD'
[06:44:45] [ServerMain/INFO]: Loaded 7 recipes
[06:44:45] [ServerMain/INFO]: Loaded 1271 advancements
[06:44:46] [Server thread/INFO]: Starting minecraft server version 1.20.1
[06:44:46] [Server thread/INFO]: Loading properties
[06:44:46] [Server thread/INFO]: Default game type: SURVIVAL
[06:44:46] [Server thread/INFO]: Generating keypair
[06:44:46] [Server thread/INFO]: Starting Minecraft server on *:25565
[06:44:46] [Server thread/INFO]: Using epoll channel type
[06:44:46] [Server thread/INFO]: Preparing level "world"
[06:44:46] [Server thread/INFO]: Preparing start region for dimension minecraft:overworld
[06:44:47] [Worker-Main-4/INFO]: Preparing spawn area: 0%
[06:44:47] [Worker-Main-5/INFO]: Preparing spawn area: 0%
[06:44:47] [Worker-Main-1/INFO]: Preparing spawn area: 0%
[06:44:48] [Worker-Main-1/INFO]: Preparing spawn area: 37%
[06:44:48] [Server thread/INFO]: Time elapsed: 1664 ms
[06:44:48] [Server thread/INFO]: Done (2.393s)! For help, type "help"
[06:44:48] [Server thread/INFO]: Starting remote control listener
[06:44:48] [Server thread/INFO]: Thread RCON Listener started
[06:44:48] [Server thread/INFO]: RCON running on 0.0.0.0:28016
